2 40
3 8
3 9
3 10
3 38
3 39
3 40
4 6
4 7
4 9
4 37
4 38
5 7
5 14
5 36
5 40
6 7
6 15
6 37
6 38
6 39
6 40
7 8
7 9
7 10
7 11
7 12
7 14
7 37
7 38
7 39
8 11
8 12
8 44
9 11
9 12
9 13
9 43
9 45
10 12
10 42
10 45
11 11
11 13
11 36
11 37
11 38
11 43
11 44
12 12
12 16
12 17
12 20
12 22
12 24
12 26
12 29
12 30
12 37
13 12
13 22
13 24
13 34
13 39
14 22
14 24
14 36
15 7
15 8
15 20
15 22
15 24
15 26
15 33
15 37
15 39
16 7
16 8
16 18
16 28
16 35
16 37
16 39
16 41
17 6
17 8
17 16
17 20
17 21
17 25
17 26
17 28
17 34
17 35
17 37
17 40
18 19
18 34
18 35
18 39
19 15
19 36
19 38
19 39
20 15
20 17
20 18
20 34
20 38
20 40
21 15
21 35
21 38
22 3
22 4
22 8
22 9
22 10
22 15
22 20
22 26
22 28
22 34
22 35
22 37
22 38
23 2
23 4
23 14
23 15
23 20
23 35
23 37
24 2
24 4
24 7
24 11
24 14
24 15
24 16
24 20
24 26
24 28
24 31
24 33
24 35
24 37
24 41
24 42
25 2
25 3
25 6
25 7
25 10
25 30
25 31
25 33
25 35
25 37
25 39
25 41
25 42
26 4
26 6
26 7
26 8
26 10
26 11
26 14
26 16
26 29
26 33
26 35
26 37
26 39
27 17
27 29
27 31
27 33
27 35
27 37
27 39
28 11
28 14
28 15
28 16
28 20
28 21
28 25
28 26
28 30
28 31
28 33
28 35
28 37
28 39
28 41
29 15
29 17
29 20
29 26
29 29
29 31
29 33
29 35
29 37
29 39
29 40
30 12
30 13
30 15
30 17
30 18
30 19
30 20
30 26
30 27
30 28
30 29
30 31
30 33
30 35
30 37
30 39
31 13
31 15
31 17
31 21
31 25
31 29
31 31
31 33
31 35
31 37
31 38
32 13
32 15
32 17
32 18
32 20
32 22
32 24
32 26
32 28
32 29
32 31
32 33
32 35
32 37
33 11
33 13
33 15
33 17
33 21
33 22
33 24
33 25
33 29
33 31
33 33
33 35
33 36
34 10
34 11
34 13
34 15
34 17
34 29
34 31
34 33
34 35
35 10
35 11
35 13
35 15
35 17
35 19
35 21
35 22
35 24
35 25
35 27
35 29
35 31
35 33
35 34
36 13
36 15
36 17
36 19
36 21
36 25
36 27
36 29
36 31
36 33
37 13
37 15
37 17
37 19
37 21
37 25
37 27
37 29
37 31
37 32
38 11
38 13
38 15
38 17
38 19
38 21
38 25
38 27
38 29
38 31
39 12
39 13
39 15
39 17
39 19
39 21
39 23
39 25
39 27
39 29
39 30
40 13
40 15
40 17
40 19
40 21
40 23
40 25
40 27
40 29
41 14
41 15
41 17
41 19
41 21
41 23
41 25
41 27
41 28
42 15
42 17
42 19
42 21
42 23
42 25
42 27
43 16
43 17
43 19
43 21
43 23
43 25
43 26
44 17
44 19
44 21
44 23
44 25
44 37
45 18
45 19
45 21
45 23
45 24
45 35
45 36
45 38
45 42
46 19
46 21
46 34
46 42
47 22
47 32
47 33
47 43
48 20
48 21
48 41
48 42
49 34
49 35
49 36
49 37
49 38
49 41
49 42
